d:\users\downloads\windows-driver-samples-master\windows-driver-samples-master\general\registry\regfltr\sys\debug\vc142.pdb
d:\users\downloads\windows-driver-samples-master\windows-driver-samples-master\general\registry\regfltr\sys\debug\version.obj
d:\users\downloads\windows-driver-samples-master\windows-driver-samples-master\general\registry\regfltr\sys\debug\util.obj
d:\users\downloads\windows-driver-samples-master\windows-driver-samples-master\general\registry\regfltr\sys\debug\txrutil.obj
d:\users\downloads\windows-driver-samples-master\windows-driver-samples-master\general\registry\regfltr\sys\debug\txr.obj
d:\users\downloads\windows-driver-samples-master\windows-driver-samples-master\general\registry\regfltr\sys\debug\regfltr.obj
d:\users\downloads\windows-driver-samples-master\windows-driver-samples-master\general\registry\regfltr\sys\debug\pre.obj
d:\users\downloads\windows-driver-samples-master\windows-driver-samples-master\general\registry\regfltr\sys\debug\post.obj
d:\users\downloads\windows-driver-samples-master\windows-driver-samples-master\general\registry\regfltr\sys\debug\multialt.obj
d:\users\downloads\windows-driver-samples-master\windows-driver-samples-master\general\registry\regfltr\sys\debug\driver.obj
d:\users\downloads\windows-driver-samples-master\windows-driver-samples-master\general\registry\regfltr\sys\debug\context.obj
d:\users\downloads\windows-driver-samples-master\windows-driver-samples-master\general\registry\regfltr\sys\debug\capture.obj
d:\users\downloads\windows-driver-samples-master\windows-driver-samples-master\general\registry\regfltr\sys\debug\regfltr.sys
d:\users\downloads\windows-driver-samples-master\windows-driver-samples-master\general\registry\regfltr\sys\debug\regfltr.pdb
d:\users\downloads\windows-driver-samples-master\windows-driver-samples-master\general\registry\regfltr\sys\debug\regfltr.res
d:\users\downloads\windows-driver-samples-master\windows-driver-samples-master\general\registry\regfltr\sys\debug\regfltr.tlog\cl.command.1.tlog
d:\users\downloads\windows-driver-samples-master\windows-driver-samples-master\general\registry\regfltr\sys\debug\regfltr.tlog\cl.read.1.tlog
d:\users\downloads\windows-driver-samples-master\windows-driver-samples-master\general\registry\regfltr\sys\debug\regfltr.tlog\cl.write.1.tlog
d:\users\downloads\windows-driver-samples-master\windows-driver-samples-master\general\registry\regfltr\sys\debug\regfltr.tlog\link.command.1.tlog
d:\users\downloads\windows-driver-samples-master\windows-driver-samples-master\general\registry\regfltr\sys\debug\regfltr.tlog\link.read.1.tlog
d:\users\downloads\windows-driver-samples-master\windows-driver-samples-master\general\registry\regfltr\sys\debug\regfltr.tlog\link.write.1.tlog
d:\users\downloads\windows-driver-samples-master\windows-driver-samples-master\general\registry\regfltr\sys\debug\regfltr.tlog\rc.command.1.tlog
d:\users\downloads\windows-driver-samples-master\windows-driver-samples-master\general\registry\regfltr\sys\debug\regfltr.tlog\rc.read.1.tlog
d:\users\downloads\windows-driver-samples-master\windows-driver-samples-master\general\registry\regfltr\sys\debug\regfltr.tlog\rc.write.1.tlog
d:\users\downloads\windows-driver-samples-master\windows-driver-samples-master\general\registry\regfltr\sys\debug\regfltr.tlog\signtool.command.1.tlog
d:\users\downloads\windows-driver-samples-master\windows-driver-samples-master\general\registry\regfltr\sys\debug\regfltr.tlog\signtool.read.1.tlog
d:\users\downloads\windows-driver-samples-master\windows-driver-samples-master\general\registry\regfltr\sys\debug\regfltr.tlog\signtool.timestamp.1.tlog
d:\users\downloads\windows-driver-samples-master\windows-driver-samples-master\general\registry\regfltr\sys\debug\regfltr.tlog\signtool.write.1.tlog
