d:\users\downloads\windows-driver-samples-master\windows-driver-samples-master\general\registry\regfltr\sys\x64\release\vc142.pdb
d:\users\downloads\windows-driver-samples-master\windows-driver-samples-master\general\registry\regfltr\sys\x64\release\util.obj
d:\users\downloads\windows-driver-samples-master\windows-driver-samples-master\general\registry\regfltr\sys\x64\release\txrutil.obj
d:\users\downloads\windows-driver-samples-master\windows-driver-samples-master\general\registry\regfltr\sys\x64\release\regfltr.obj
d:\users\downloads\windows-driver-samples-master\windows-driver-samples-master\general\registry\regfltr\sys\x64\release\driver.obj
d:\users\downloads\windows-driver-samples-master\windows-driver-samples-master\general\registry\regfltr\sys\x64\release\regfltr.sys
d:\users\downloads\windows-driver-samples-master\windows-driver-samples-master\general\registry\regfltr\sys\x64\release\regfltr.pdb
d:\users\downloads\windows-driver-samples-master\windows-driver-samples-master\general\registry\regfltr\sys\x64\release\regfltr.res
d:\users\downloads\windows-driver-samples-master\windows-driver-samples-master\general\registry\regfltr\sys\x64\release\regfltr.tlog\cl.command.1.tlog
d:\users\downloads\windows-driver-samples-master\windows-driver-samples-master\general\registry\regfltr\sys\x64\release\regfltr.tlog\cl.read.1.tlog
d:\users\downloads\windows-driver-samples-master\windows-driver-samples-master\general\registry\regfltr\sys\x64\release\regfltr.tlog\cl.write.1.tlog
d:\users\downloads\windows-driver-samples-master\windows-driver-samples-master\general\registry\regfltr\sys\x64\release\regfltr.tlog\link.command.1.tlog
d:\users\downloads\windows-driver-samples-master\windows-driver-samples-master\general\registry\regfltr\sys\x64\release\regfltr.tlog\link.read.1.tlog
d:\users\downloads\windows-driver-samples-master\windows-driver-samples-master\general\registry\regfltr\sys\x64\release\regfltr.tlog\link.write.1.tlog
d:\users\downloads\windows-driver-samples-master\windows-driver-samples-master\general\registry\regfltr\sys\x64\release\regfltr.tlog\rc.command.1.tlog
d:\users\downloads\windows-driver-samples-master\windows-driver-samples-master\general\registry\regfltr\sys\x64\release\regfltr.tlog\rc.read.1.tlog
d:\users\downloads\windows-driver-samples-master\windows-driver-samples-master\general\registry\regfltr\sys\x64\release\regfltr.tlog\rc.write.1.tlog
d:\users\downloads\windows-driver-samples-master\windows-driver-samples-master\general\registry\regfltr\sys\x64\release\regfltr.tlog\signtool.command.1.tlog
d:\users\downloads\windows-driver-samples-master\windows-driver-samples-master\general\registry\regfltr\sys\x64\release\regfltr.tlog\signtool.read.1.tlog
d:\users\downloads\windows-driver-samples-master\windows-driver-samples-master\general\registry\regfltr\sys\x64\release\regfltr.tlog\signtool.timestamp.1.tlog
d:\users\downloads\windows-driver-samples-master\windows-driver-samples-master\general\registry\regfltr\sys\x64\release\regfltr.tlog\signtool.write.1.tlog
